{"./src/wreqr.js":{"path":"./src/wreqr.js","s":{"1":1,"2":1,"3":1,"4":1},"b":{},"f":{"1":1},"fnMap":{"1":{"name":"(anonymous_1)","line":1,"loc":{"start":{"line":1,"column":18},"end":{"line":1,"column":51}}}},"statementMap":{"1":{"start":{"line":1,"column":0},"end":{"line":11,"column":37}},"2":{"start":{"line":2,"column":2},"end":{"line":2,"column":15}},"3":{"start":{"line":3,"column":2},"end":{"line":3,"column":17}},"4":{"start":{"line":10,"column":2},"end":{"line":10,"column":15}}},"branchMap":{}},"./spec/javascripts/support/wreqrHelper.js":{"path":"./spec/javascripts/support/wreqrHelper.js","s":{"1":1,"2":1},"b":{},"f":{"1":1},"fnMap":{"1":{"name":"(anonymous_1)","line":1,"loc":{"start":{"line":1,"column":1},"end":{"line":1,"column":17}}}},"statementMap":{"1":{"start":{"line":1,"column":0},"end":{"line":3,"column":9}},"2":{"start":{"line":2,"column":2},"end":{"line":2,"column":32}}},"branchMap":{}},"./src/wreqr.handlers.js":{"path":"./src/wreqr.handlers.js","s":{"1":1,"2":1,"3":1,"4":11,"5":1,"6":1,"7":11,"8":11,"9":11,"10":11,"11":3,"12":8,"13":8,"14":8,"15":1,"16":1,"17":1},"b":{"1":[3,8]},"f":{"1":1,"2":11,"3":11,"4":11,"5":8,"6":1,"7":1},"fnMap":{"1":{"name":"(anonymous_1)","line":5,"loc":{"start":{"line":5,"column":18},"end":{"line":5,"column":39}}},"2":{"name":"(anonymous_2)","line":11,"loc":{"start":{"line":11,"column":17},"end":{"line":11,"column":27}}},"3":{"name":"(anonymous_3)","line":24,"loc":{"start":{"line":24,"column":16},"end":{"line":24,"column":48}}},"4":{"name":"(anonymous_4)","line":36,"loc":{"start":{"line":36,"column":16},"end":{"line":36,"column":30}}},"5":{"name":"(anonymous_5)","line":43,"loc":{"start":{"line":43,"column":13},"end":{"line":43,"column":23}}},"6":{"name":"(anonymous_6)","line":50,"loc":{"start":{"line":50,"column":19},"end":{"line":50,"column":33}}},"7":{"name":"(anonymous_7)","line":55,"loc":{"start":{"line":55,"column":23},"end":{"line":55,"column":33}}}},"statementMap":{"1":{"start":{"line":5,"column":0},"end":{"line":61,"column":16}},"2":{"start":{"line":6,"column":2},"end":{"line":6,"column":15}},"3":{"start":{"line":11,"column":2},"end":{"line":13,"column":4}},"4":{"start":{"line":12,"column":4},"end":{"line":12,"column":24}},"5":{"start":{"line":15,"column":2},"end":{"line":15,"column":42}},"6":{"start":{"line":20,"column":2},"end":{"line":58,"column":5}},"7":{"start":{"line":25,"column":6},"end":{"line":28,"column":8}},"8":{"start":{"line":30,"column":6},"end":{"line":30,"column":36}},"9":{"start":{"line":37,"column":6},"end":{"line":37,"column":40}},"10":{"start":{"line":39,"column":6},"end":{"line":41,"column":7}},"11":{"start":{"line":40,"column":8},"end":{"line":40,"column":64}},"12":{"start":{"line":43,"column":6},"end":{"line":46,"column":8}},"13":{"start":{"line":44,"column":8},"end":{"line":44,"column":58}},"14":{"start":{"line":45,"column":8},"end":{"line":45,"column":59}},"15":{"start":{"line":51,"column":6},"end":{"line":51,"column":34}},"16":{"start":{"line":56,"column":6},"end":{"line":56,"column":26}},"17":{"start":{"line":60,"column":2},"end":{"line":60,"column":18}}},"branchMap":{"1":{"line":39,"type":"if","locations":[{"start":{"line":39,"column":6},"end":{"line":39,"column":6}},{"start":{"line":39,"column":6},"end":{"line":39,"column":6}}]}}},"./src/wreqr.commands.js":{"path":"./src/wreqr.commands.js","s":{"1":1,"2":1,"3":1,"4":3,"5":3,"6":3},"b":{},"f":{"1":1,"2":3},"fnMap":{"1":{"name":"(anonymous_1)","line":6,"loc":{"start":{"line":6,"column":18},"end":{"line":6,"column":33}}},"2":{"name":"(anonymous_2)","line":10,"loc":{"start":{"line":10,"column":13},"end":{"line":10,"column":23}}}},"statementMap":{"1":{"start":{"line":6,"column":0},"end":{"line":18,"column":10}},"2":{"start":{"line":7,"column":2},"end":{"line":7,"column":15}},"3":{"start":{"line":9,"column":2},"end":{"line":16,"column":5}},"4":{"start":{"line":11,"column":6},"end":{"line":11,"column":30}},"5":{"start":{"line":12,"column":6},"end":{"line":12,"column":58}},"6":{"start":{"line":14,"column":6},"end":{"line":14,"column":46}}},"branchMap":{}},"./src/wreqr.eventaggregator.js":{"path":"./src/wreqr.eventaggregator.js","s":{"1":1,"2":1,"3":1,"4":1,"5":1,"6":1},"b":{},"f":{"1":1,"2":2},"fnMap":{"1":{"name":"(anonymous_1)","line":6,"loc":{"start":{"line":6,"column":25},"end":{"line":6,"column":46}}},"2":{"name":"(anonymous_2)","line":8,"loc":{"start":{"line":8,"column":11},"end":{"line":8,"column":21}}}},"statementMap":{"1":{"start":{"line":6,"column":0},"end":{"line":17,"column":16}},"2":{"start":{"line":7,"column":2},"end":{"line":7,"column":15}},"3":{"start":{"line":8,"column":2},"end":{"line":8,"column":24}},"4":{"start":{"line":11,"column":2},"end":{"line":11,"column":36}},"5":{"start":{"line":14,"column":2},"end":{"line":14,"column":42}},"6":{"start":{"line":16,"column":2},"end":{"line":16,"column":12}}},"branchMap":{}},"./src/wreqr.requestresponse.js":{"path":"./src/wreqr.requestresponse.js","s":{"1":1,"2":1,"3":1,"4":3,"5":3,"6":3},"b":{},"f":{"1":1,"2":3},"fnMap":{"1":{"name":"(anonymous_1)","line":6,"loc":{"start":{"line":6,"column":25},"end":{"line":6,"column":40}}},"2":{"name":"(anonymous_2)","line":10,"loc":{"start":{"line":10,"column":13},"end":{"line":10,"column":23}}}},"statementMap":{"1":{"start":{"line":6,"column":0},"end":{"line":18,"column":10}},"2":{"start":{"line":7,"column":2},"end":{"line":7,"column":15}},"3":{"start":{"line":9,"column":2},"end":{"line":16,"column":5}},"4":{"start":{"line":11,"column":6},"end":{"line":11,"column":30}},"5":{"start":{"line":12,"column":6},"end":{"line":12,"column":58}},"6":{"start":{"line":14,"column":6},"end":{"line":14,"column":53}}},"branchMap":{}}}